TN:
SF:packages/zarm-mini/src/button/base-button.tsx
FN:5,(anonymous_0)
FNF:1
FNH:1
FNDA:1,(anonymous_0)
DA:5,1
DA:6,1
DA:7,1
DA:9,1
LF:4
LH:4
BRF:0
BRH:0
end_of_record
TN:
SF:packages/zarm-mini/src/button/button.tsx
FN:8,(anonymous_0)
FNF:1
FNH:1
FNDA:1,(anonymous_0)
DA:8,1
DA:22,1
DA:25,1
DA:26,1
DA:40,1
DA:41,1
DA:43,1
DA:54,1
LF:8
LH:8
BRDA:41,0,0,1
BRDA:41,0,1,1
BRDA:47,1,0,1
BRDA:47,1,1,0
BRF:4
BRH:3
end_of_record
TN:
SF:packages/zarm-mini/src/button/index.ts
FNF:0
FNH:0
LF:0
LH:0
BRF:0
BRH:0
end_of_record
